{"/Users/nabil.alhafez/QuranBackend/backend/dist/backend/src/config/index.js": {"path":"/Users/nabil.alhafez/QuranBackend/backend/dist/backend/src/config/index.js","statementMap":{"0":{"start":{"line":2,"column":0},"end":{"line":2,"column":62}},"1":{"start":{"line":3,"column":0},"end":{"line":3,"column":52}},"2":{"start":{"line":4,"column":13},"end":{"line":4,"column":28}},"3":{"start":{"line":5,"column":15},"end":{"line":5,"column":32}},"4":{"start":{"line":6,"column":0},"end":{"line":6,"column":42}},"5":{"start":{"line":10,"column":24},"end":{"line":10,"column":42}},"6":{"start":{"line":12,"column":4},"end":{"line":22,"column":5}},"7":{"start":{"line":14,"column":12},"end":{"line":14,"column":40}},"8":{"start":{"line":15,"column":12},"end":{"line":15,"column":81}},"9":{"start":{"line":16,"column":12},"end":{"line":16,"column":18}},"10":{"start":{"line":19,"column":12},"end":{"line":19,"column":80}},"11":{"start":{"line":20,"column":12},"end":{"line":20,"column":39}},"12":{"start":{"line":21,"column":12},"end":{"line":21,"column":18}},"13":{"start":{"line":23,"column":4},"end":{"line":23,"column":66}},"14":{"start":{"line":24,"column":4},"end":{"line":24,"column":53}},"15":{"start":{"line":26,"column":0},"end":{"line":26,"column":7}},"16":{"start":{"line":27,"column":0},"end":{"line":27,"column":52}}},"fnMap":{"0":{"name":"init","decl":{"start":{"line":9,"column":9},"end":{"line":9,"column":13}},"loc":{"start":{"line":9,"column":16},"end":{"line":25,"column":1}},"line":9}},"branchMap":{"0":{"loc":{"start":{"line":12,"column":4},"end":{"line":22,"column":5}},"type":"switch","locations":[{"start":{"line":13,"column":8},"end":{"line":16,"column":18}},{"start":{"line":17,"column":8},"end":{"line":17,"column":19}},{"start":{"line":18,"column":8},"end":{"line":21,"column":18}}],"line":12}},"s":{"0":1,"1":1,"2":1,"3":1,"4":1,"5":1,"6":1,"7":0,"8":0,"9":0,"10":1,"11":1,"12":1,"13":1,"14":1,"15":1,"16":1},"f":{"0":1},"b":{"0":[0,0,1]},"inputSourceMap":null,"_coverageSchema":"1a1c01bbd47fc00a2c39e90264f33305004495a9","hash":"4ba7c6912df7d7f4c6f8a6273ac9dee9a2062a64"}
,"/Users/nabil.alhafez/QuranBackend/backend/dist/backend/src/constant/app.const.js": {"path":"/Users/nabil.alhafez/QuranBackend/backend/dist/backend/src/constant/app.const.js","statementMap":{"0":{"start":{"line":2,"column":0},"end":{"line":2,"column":62}},"1":{"start":{"line":3,"column":0},"end":{"line":3,"column":26}},"2":{"start":{"line":6,"column":0},"end":{"line":6,"column":28}},"3":{"start":{"line":7,"column":0},"end":{"line":7,"column":42}},"4":{"start":{"line":8,"column":0},"end":{"line":8,"column":33}},"5":{"start":{"line":9,"column":0},"end":{"line":9,"column":37}}},"fnMap":{},"branchMap":{},"s":{"0":1,"1":1,"2":1,"3":1,"4":1,"5":1},"f":{},"b":{},"inputSourceMap":null,"_coverageSchema":"1a1c01bbd47fc00a2c39e90264f33305004495a9","hash":"96c2d895fc3ec2c19ef76d878cc7ff3ca6d9e177"}
,"/Users/nabil.alhafez/QuranBackend/backend/dist/backend/src/db/data-source-dev.js": {"path":"/Users/nabil.alhafez/QuranBackend/backend/dist/backend/src/db/data-source-dev.js","statementMap":{"0":{"start":{"line":2,"column":0},"end":{"line":2,"column":62}},"1":{"start":{"line":3,"column":18},"end":{"line":3,"column":36}},"2":{"start":{"line":4,"column":17},"end":{"line":4,"column":37}},"3":{"start":{"line":5,"column":36},"end":{"line":5,"column":72}},"4":{"start":{"line":6,"column":24},"end":{"line":22,"column":1}},"5":{"start":{"line":23,"column":0},"end":{"line":23,"column":62}}},"fnMap":{},"branchMap":{},"s":{"0":1,"1":1,"2":1,"3":1,"4":1,"5":1},"f":{},"b":{},"inputSourceMap":null,"_coverageSchema":"1a1c01bbd47fc00a2c39e90264f33305004495a9","hash":"bb941161ada3e0807a6d5e94bb02483eb8bf2a7d"}
,"/Users/nabil.alhafez/QuranBackend/backend/dist/backend/src/db/data-source-prod.js": {"path":"/Users/nabil.alhafez/QuranBackend/backend/dist/backend/src/db/data-source-prod.js","statementMap":{"0":{"start":{"line":2,"column":0},"end":{"line":2,"column":62}},"1":{"start":{"line":3,"column":18},"end":{"line":3,"column":36}},"2":{"start":{"line":4,"column":17},"end":{"line":4,"column":37}},"3":{"start":{"line":5,"column":36},"end":{"line":5,"column":72}},"4":{"start":{"line":6,"column":27},"end":{"line":6,"column":57}},"5":{"start":{"line":7,"column":27},"end":{"line":7,"column":57}},"6":{"start":{"line":8,"column":31},"end":{"line":8,"column":65}},"7":{"start":{"line":9,"column":22},"end":{"line":9,"column":47}},"8":{"start":{"line":10,"column":0},"end":{"line":10,"column":50}},"9":{"start":{"line":11,"column":0},"end":{"line":11,"column":50}},"10":{"start":{"line":12,"column":0},"end":{"line":12,"column":58}},"11":{"start":{"line":13,"column":0},"end":{"line":13,"column":43}},"12":{"start":{"line":14,"column":24},"end":{"line":37,"column":1}},"13":{"start":{"line":38,"column":0},"end":{"line":38,"column":62}}},"fnMap":{},"branchMap":{},"s":{"0":1,"1":1,"2":1,"3":1,"4":1,"5":1,"6":1,"7":1,"8":1,"9":1,"10":1,"11":1,"12":1,"13":1},"f":{},"b":{},"inputSourceMap":null,"_coverageSchema":"1a1c01bbd47fc00a2c39e90264f33305004495a9","hash":"d18cf01602979cca152d519e7e6802153ea162a4"}
,"/Users/nabil.alhafez/QuranBackend/backend/dist/backend/src/db/data-source.js": {"path":"/Users/nabil.alhafez/QuranBackend/backend/dist/backend/src/db/data-source.js","statementMap":{"0":{"start":{"line":2,"column":0},"end":{"line":2,"column":62}},"1":{"start":{"line":3,"column":27},"end":{"line":3,"column":56}},"2":{"start":{"line":4,"column":26},"end":{"line":4,"column":54}},"3":{"start":{"line":6,"column":0},"end":{"line":8,"column":32}}},"fnMap":{},"branchMap":{"0":{"loc":{"start":{"line":6,"column":18},"end":{"line":8,"column":31}},"type":"cond-expr","locations":[{"start":{"line":7,"column":6},"end":{"line":7,"column":32}},{"start":{"line":8,"column":6},"end":{"line":8,"column":31}}],"line":6},"1":{"loc":{"start":{"line":6,"column":18},"end":{"line":6,"column":90}},"type":"binary-expr","locations":[{"start":{"line":6,"column":18},"end":{"line":6,"column":55}},{"start":{"line":6,"column":59},"end":{"line":6,"column":90}}],"line":6}},"s":{"0":1,"1":1,"2":1,"3":1},"f":{},"b":{"0":[0,1],"1":[1,1]},"inputSourceMap":null,"_coverageSchema":"1a1c01bbd47fc00a2c39e90264f33305004495a9","hash":"ed0f51eff13fff0bfa4b685490839baa7c55e312"}
,"/Users/nabil.alhafez/QuranBackend/backend/dist/backend/src/db/entities/base.entity.js": {"path":"/Users/nabil.alhafez/QuranBackend/backend/dist/backend/src/db/entities/base.entity.js","statementMap":{"0":{"start":{"line":2,"column":17},"end":{"line":7,"column":1}},"1":{"start":{"line":3,"column":12},"end":{"line":3,"column":28}},"2":{"start":{"line":3,"column":34},"end":{"line":3,"column":125}},"3":{"start":{"line":4,"column":4},"end":{"line":5,"column":150}},"4":{"start":{"line":4,"column":79},"end":{"line":4,"column":131}},"5":{"start":{"line":5,"column":9},"end":{"line":5,"column":150}},"6":{"start":{"line":5,"column":22},"end":{"line":5,"column":43}},"7":{"start":{"line":5,"column":58},"end":{"line":5,"column":150}},"8":{"start":{"line":5,"column":81},"end":{"line":5,"column":150}},"9":{"start":{"line":6,"column":4},"end":{"line":6,"column":66}},"10":{"start":{"line":8,"column":17},"end":{"line":10,"column":1}},"11":{"start":{"line":9,"column":4},"end":{"line":9,"column":109}},"12":{"start":{"line":9,"column":79},"end":{"line":9,"column":109}},"13":{"start":{"line":11,"column":0},"end":{"line":11,"column":62}},"14":{"start":{"line":12,"column":0},"end":{"line":12,"column":31}},"15":{"start":{"line":13,"column":18},"end":{"line":13,"column":36}},"16":{"start":{"line":20,"column":0},"end":{"line":23,"column":42}},"17":{"start":{"line":24,"column":0},"end":{"line":27,"column":49}},"18":{"start":{"line":28,"column":0},"end":{"line":31,"column":49}},"19":{"start":{"line":32,"column":0},"end":{"line":32,"column":38}}},"fnMap":{"0":{"name":"(anonymous_0)","decl":{"start":{"line":2,"column":46},"end":{"line":2,"column":47}},"loc":{"start":{"line":2,"column":87},"end":{"line":7,"column":1}},"line":2},"1":{"name":"(anonymous_1)","decl":{"start":{"line":8,"column":46},"end":{"line":8,"column":47}},"loc":{"start":{"line":8,"column":62},"end":{"line":10,"column":1}},"line":8}},"branchMap":{"0":{"loc":{"start":{"line":2,"column":17},"end":{"line":7,"column":1}},"type":"binary-expr","locations":[{"start":{"line":2,"column":18},"end":{"line":2,"column":22}},{"start":{"line":2,"column":26},"end":{"line":2,"column":41}},{"start":{"line":2,"column":46},"end":{"line":7,"column":1}}],"line":2},"1":{"loc":{"start":{"line":3,"column":34},"end":{"line":3,"column":125}},"type":"cond-expr","locations":[{"start":{"line":3,"column":42},"end":{"line":3,"column":48}},{"start":{"line":3,"column":51},"end":{"line":3,"column":125}}],"line":3},"2":{"loc":{"start":{"line":3,"column":51},"end":{"line":3,"column":125}},"type":"cond-expr","locations":[{"start":{"line":3,"column":67},"end":{"line":3,"column":118}},{"start":{"line":3,"column":121},"end":{"line":3,"column":125}}],"line":3},"3":{"loc":{"start":{"line":4,"column":4},"end":{"line":5,"column":150}},"type":"if","locations":[{"start":{"line":4,"column":4},"end":{"line":5,"column":150}},{"start":{"line":5,"column":9},"end":{"line":5,"column":150}}],"line":4},"4":{"loc":{"start":{"line":4,"column":8},"end":{"line":4,"column":77}},"type":"binary-expr","locations":[{"start":{"line":4,"column":8},"end":{"line":4,"column":35}},{"start":{"line":4,"column":39},"end":{"line":4,"column":77}}],"line":4},"5":{"loc":{"start":{"line":5,"column":58},"end":{"line":5,"column":150}},"type":"if","locations":[{"start":{"line":5,"column":58},"end":{"line":5,"column":150}},{"start":{},"end":{}}],"line":5},"6":{"loc":{"start":{"line":5,"column":85},"end":{"line":5,"column":149}},"type":"binary-expr","locations":[{"start":{"line":5,"column":86},"end":{"line":5,"column":143}},{"start":{"line":5,"column":148},"end":{"line":5,"column":149}}],"line":5},"7":{"loc":{"start":{"line":5,"column":86},"end":{"line":5,"column":143}},"type":"cond-expr","locations":[{"start":{"line":5,"column":94},"end":{"line":5,"column":98}},{"start":{"line":5,"column":101},"end":{"line":5,"column":143}}],"line":5},"8":{"loc":{"start":{"line":5,"column":101},"end":{"line":5,"column":143}},"type":"cond-expr","locations":[{"start":{"line":5,"column":109},"end":{"line":5,"column":126}},{"start":{"line":5,"column":129},"end":{"line":5,"column":143}}],"line":5},"9":{"loc":{"start":{"line":6,"column":11},"end":{"line":6,"column":62}},"type":"binary-expr","locations":[{"start":{"line":6,"column":11},"end":{"line":6,"column":16}},{"start":{"line":6,"column":20},"end":{"line":6,"column":21}},{"start":{"line":6,"column":25},"end":{"line":6,"column":62}}],"line":6},"10":{"loc":{"start":{"line":8,"column":17},"end":{"line":10,"column":1}},"type":"binary-expr","locations":[{"start":{"line":8,"column":18},"end":{"line":8,"column":22}},{"start":{"line":8,"column":26},"end":{"line":8,"column":41}},{"start":{"line":8,"column":46},"end":{"line":10,"column":1}}],"line":8},"11":{"loc":{"start":{"line":9,"column":4},"end":{"line":9,"column":109}},"type":"if","locations":[{"start":{"line":9,"column":4},"end":{"line":9,"column":109}},{"start":{},"end":{}}],"line":9},"12":{"loc":{"start":{"line":9,"column":8},"end":{"line":9,"column":77}},"type":"binary-expr","locations":[{"start":{"line":9,"column":8},"end":{"line":9,"column":35}},{"start":{"line":9,"column":39},"end":{"line":9,"column":77}}],"line":9}},"s":{"0":1,"1":3,"2":3,"3":3,"4":3,"5":0,"6":0,"7":0,"8":0,"9":3,"10":1,"11":3,"12":3,"13":1,"14":1,"15":1,"16":1,"17":1,"18":1,"19":1},"f":{"0":3,"1":3},"b":{"0":[1,1,1],"1":[0,3],"2":[0,3],"3":[3,0],"4":[3,3],"5":[0,0],"6":[0,0],"7":[0,0],"8":[0,0],"9":[3,3,0],"10":[1,1,1],"11":[3,0],"12":[3,3]},"inputSourceMap":null,"_coverageSchema":"1a1c01bbd47fc00a2c39e90264f33305004495a9","hash":"4082f2b821643ea5848416998216ce403407b82b"}
,"/Users/nabil.alhafez/QuranBackend/backend/dist/backend/src/firebase/firebase-datasource.js": {"path":"/Users/nabil.alhafez/QuranBackend/backend/dist/backend/src/firebase/firebase-datasource.js","statementMap":{"0":{"start":{"line":2,"column":0},"end":{"line":2,"column":62}},"1":{"start":{"line":3,"column":0},"end":{"line":3,"column":29}},"2":{"start":{"line":4,"column":18},"end":{"line":4,"column":47}},"3":{"start":{"line":5,"column":21},"end":{"line":5,"column":54}},"4":{"start":{"line":6,"column":20},"end":{"line":6,"column":52}},"5":{"start":{"line":9,"column":8},"end":{"line":9,"column":64}},"6":{"start":{"line":10,"column":8},"end":{"line":10,"column":71}},"7":{"start":{"line":13,"column":8},"end":{"line":13,"column":50}},"8":{"start":{"line":16,"column":8},"end":{"line":16,"column":49}},"9":{"start":{"line":19,"column":8},"end":{"line":19,"column":47}},"10":{"start":{"line":22,"column":8},"end":{"line":22,"column":32}},"11":{"start":{"line":25,"column":8},"end":{"line":25,"column":25}},"12":{"start":{"line":28,"column":8},"end":{"line":28,"column":32}},"13":{"start":{"line":32,"column":8},"end":{"line":32,"column":82}},"14":{"start":{"line":35,"column":20},"end":{"line":35,"column":44}},"15":{"start":{"line":36,"column":0},"end":{"line":36,"column":34}}},"fnMap":{"0":{"name":"(anonymous_0)","decl":{"start":{"line":8,"column":4},"end":{"line":8,"column":5}},"loc":{"start":{"line":8,"column":18},"end":{"line":11,"column":5}},"line":8},"1":{"name":"(anonymous_1)","decl":{"start":{"line":12,"column":4},"end":{"line":12,"column":5}},"loc":{"start":{"line":12,"column":14},"end":{"line":14,"column":5}},"line":12},"2":{"name":"(anonymous_2)","decl":{"start":{"line":15,"column":4},"end":{"line":15,"column":5}},"loc":{"start":{"line":15,"column":15},"end":{"line":17,"column":5}},"line":15},"3":{"name":"(anonymous_3)","decl":{"start":{"line":18,"column":4},"end":{"line":18,"column":5}},"loc":{"start":{"line":18,"column":11},"end":{"line":20,"column":5}},"line":18},"4":{"name":"(anonymous_4)","decl":{"start":{"line":21,"column":4},"end":{"line":21,"column":5}},"loc":{"start":{"line":21,"column":16},"end":{"line":23,"column":5}},"line":21},"5":{"name":"(anonymous_5)","decl":{"start":{"line":24,"column":4},"end":{"line":24,"column":5}},"loc":{"start":{"line":24,"column":16},"end":{"line":26,"column":5}},"line":24},"6":{"name":"(anonymous_6)","decl":{"start":{"line":27,"column":4},"end":{"line":27,"column":5}},"loc":{"start":{"line":27,"column":16},"end":{"line":29,"column":5}},"line":27},"7":{"name":"(anonymous_7)","decl":{"start":{"line":30,"column":4},"end":{"line":30,"column":5}},"loc":{"start":{"line":30,"column":24},"end":{"line":33,"column":5}},"line":30}},"branchMap":{},"s":{"0":1,"1":1,"2":1,"3":1,"4":1,"5":1,"6":1,"7":0,"8":0,"9":0,"10":0,"11":0,"12":0,"13":0,"14":1,"15":1},"f":{"0":1,"1":0,"2":0,"3":0,"4":0,"5":0,"6":0,"7":0},"b":{},"inputSourceMap":null,"_coverageSchema":"1a1c01bbd47fc00a2c39e90264f33305004495a9","hash":"151c7a233771f2f08d3d976235cf3b4d80ac2513"}
,"/Users/nabil.alhafez/QuranBackend/backend/dist/backend/src/firebase/initialize.js": {"path":"/Users/nabil.alhafez/QuranBackend/backend/dist/backend/src/firebase/initialize.js","statementMap":{"0":{"start":{"line":2,"column":0},"end":{"line":2,"column":62}},"1":{"start":{"line":3,"column":0},"end":{"line":3,"column":62}},"2":{"start":{"line":4,"column":14},"end":{"line":4,"column":39}},"3":{"start":{"line":5,"column":13},"end":{"line":5,"column":28}},"4":{"start":{"line":6,"column":17},"end":{"line":6,"column":37}},"5":{"start":{"line":7,"column":0},"end":{"line":7,"column":60}},"6":{"start":{"line":8,"column":0},"end":{"line":8,"column":96}},"7":{"start":{"line":9,"column":22},"end":{"line":9,"column":113}},"8":{"start":{"line":10,"column":0},"end":{"line":10,"column":48}},"9":{"start":{"line":11,"column":19},"end":{"line":11,"column":55}},"10":{"start":{"line":12,"column":20},"end":{"line":16,"column":2}},"11":{"start":{"line":17,"column":0},"end":{"line":17,"column":34}}},"fnMap":{},"branchMap":{},"s":{"0":1,"1":1,"2":1,"3":1,"4":1,"5":1,"6":1,"7":1,"8":1,"9":1,"10":1,"11":1},"f":{},"b":{},"inputSourceMap":null,"_coverageSchema":"1a1c01bbd47fc00a2c39e90264f33305004495a9","hash":"e348485619133ff7096b7583fb2dd2912fafd736"}
,"/Users/nabil.alhafez/QuranBackend/backend/dist/backend/src/repository/repository.js": {"path":"/Users/nabil.alhafez/QuranBackend/backend/dist/backend/src/repository/repository.js","statementMap":{"0":{"start":{"line":2,"column":16},"end":{"line":10,"column":1}},"1":{"start":{"line":3,"column":28},"end":{"line":3,"column":110}},"2":{"start":{"line":3,"column":91},"end":{"line":3,"column":106}},"3":{"start":{"line":4,"column":4},"end":{"line":9,"column":7}},"4":{"start":{"line":5,"column":36},"end":{"line":5,"column":97}},"5":{"start":{"line":5,"column":42},"end":{"line":5,"column":70}},"6":{"start":{"line":5,"column":85},"end":{"line":5,"column":95}},"7":{"start":{"line":6,"column":35},"end":{"line":6,"column":100}},"8":{"start":{"line":6,"column":41},"end":{"line":6,"column":73}},"9":{"start":{"line":6,"column":88},"end":{"line":6,"column":98}},"10":{"start":{"line":7,"column":32},"end":{"line":7,"column":116}},"11":{"start":{"line":8,"column":8},"end":{"line":8,"column":78}},"12":{"start":{"line":11,"column":0},"end":{"line":11,"column":62}},"13":{"start":{"line":12,"column":0},"end":{"line":12,"column":28}},"14":{"start":{"line":13,"column":18},"end":{"line":13,"column":36}},"15":{"start":{"line":14,"column":17},"end":{"line":14,"column":43}},"16":{"start":{"line":15,"column":22},"end":{"line":15,"column":50}},"17":{"start":{"line":18,"column":8},"end":{"line":18,"column":71}},"18":{"start":{"line":22,"column":8},"end":{"line":46,"column":11}},"19":{"start":{"line":23,"column":43},"end":{"line":23,"column":119}},"20":{"start":{"line":24,"column":12},"end":{"line":45,"column":13}},"21":{"start":{"line":25,"column":16},"end":{"line":25,"column":142}},"22":{"start":{"line":26,"column":16},"end":{"line":26,"column":143}},"23":{"start":{"line":27,"column":40},"end":{"line":33,"column":17}},"24":{"start":{"line":34,"column":43},"end":{"line":34,"column":95}},"25":{"start":{"line":35,"column":16},"end":{"line":39,"column":18}},"26":{"start":{"line":42,"column":16},"end":{"line":42,"column":35}},"27":{"start":{"line":44,"column":16},"end":{"line":44,"column":66}},"28":{"start":{"line":49,"column":8},"end":{"line":57,"column":11}},"29":{"start":{"line":50,"column":12},"end":{"line":56,"column":13}},"30":{"start":{"line":51,"column":16},"end":{"line":51,"column":62}},"31":{"start":{"line":54,"column":16},"end":{"line":54,"column":46}},"32":{"start":{"line":55,"column":16},"end":{"line":55,"column":28}},"33":{"start":{"line":60,"column":8},"end":{"line":70,"column":11}},"34":{"start":{"line":61,"column":12},"end":{"line":69,"column":13}},"35":{"start":{"line":62,"column":35},"end":{"line":62,"column":45}},"36":{"start":{"line":63,"column":36},"end":{"line":63,"column":57}},"37":{"start":{"line":64,"column":16},"end":{"line":64,"column":67}},"38":{"start":{"line":67,"column":16},"end":{"line":67,"column":46}},"39":{"start":{"line":68,"column":16},"end":{"line":68,"column":28}},"40":{"start":{"line":73,"column":8},"end":{"line":75,"column":11}},"41":{"start":{"line":74,"column":12},"end":{"line":74,"column":57}},"42":{"start":{"line":78,"column":8},"end":{"line":88,"column":11}},"43":{"start":{"line":79,"column":12},"end":{"line":87,"column":13}},"44":{"start":{"line":80,"column":29},"end":{"line":80,"column":96}},"45":{"start":{"line":81,"column":16},"end":{"line":81,"column":34}},"46":{"start":{"line":85,"column":16},"end":{"line":85,"column":46}},"47":{"start":{"line":86,"column":16},"end":{"line":86,"column":28}},"48":{"start":{"line":91,"column":8},"end":{"line":104,"column":11}},"49":{"start":{"line":92,"column":12},"end":{"line":103,"column":13}},"50":{"start":{"line":93,"column":29},"end":{"line":93,"column":86}},"51":{"start":{"line":94,"column":16},"end":{"line":94,"column":32}},"52":{"start":{"line":101,"column":16},"end":{"line":101,"column":46}},"53":{"start":{"line":102,"column":16},"end":{"line":102,"column":28}},"54":{"start":{"line":107,"column":0},"end":{"line":107,"column":32}}},"fnMap":{"0":{"name":"(anonymous_0)","decl":{"start":{"line":2,"column":44},"end":{"line":2,"column":45}},"loc":{"start":{"line":2,"column":89},"end":{"line":10,"column":1}},"line":2},"1":{"name":"adopt","decl":{"start":{"line":3,"column":13},"end":{"line":3,"column":18}},"loc":{"start":{"line":3,"column":26},"end":{"line":3,"column":112}},"line":3},"2":{"name":"(anonymous_2)","decl":{"start":{"line":3,"column":70},"end":{"line":3,"column":71}},"loc":{"start":{"line":3,"column":89},"end":{"line":3,"column":108}},"line":3},"3":{"name":"(anonymous_3)","decl":{"start":{"line":4,"column":36},"end":{"line":4,"column":37}},"loc":{"start":{"line":4,"column":63},"end":{"line":9,"column":5}},"line":4},"4":{"name":"fulfilled","decl":{"start":{"line":5,"column":17},"end":{"line":5,"column":26}},"loc":{"start":{"line":5,"column":34},"end":{"line":5,"column":99}},"line":5},"5":{"name":"rejected","decl":{"start":{"line":6,"column":17},"end":{"line":6,"column":25}},"loc":{"start":{"line":6,"column":33},"end":{"line":6,"column":102}},"line":6},"6":{"name":"step","decl":{"start":{"line":7,"column":17},"end":{"line":7,"column":21}},"loc":{"start":{"line":7,"column":30},"end":{"line":7,"column":118}},"line":7},"7":{"name":"(anonymous_7)","decl":{"start":{"line":17,"column":4},"end":{"line":17,"column":5}},"loc":{"start":{"line":17,"column":24},"end":{"line":19,"column":5}},"line":17},"8":{"name":"(anonymous_8)","decl":{"start":{"line":20,"column":4},"end":{"line":20,"column":5}},"loc":{"start":{"line":20,"column":20},"end":{"line":47,"column":5}},"line":20},"9":{"name":"(anonymous_9)","decl":{"start":{"line":22,"column":47},"end":{"line":22,"column":48}},"loc":{"start":{"line":22,"column":60},"end":{"line":46,"column":9}},"line":22},"10":{"name":"(anonymous_10)","decl":{"start":{"line":48,"column":4},"end":{"line":48,"column":5}},"loc":{"start":{"line":48,"column":25},"end":{"line":58,"column":5}},"line":48},"11":{"name":"(anonymous_11)","decl":{"start":{"line":49,"column":47},"end":{"line":49,"column":48}},"loc":{"start":{"line":49,"column":60},"end":{"line":57,"column":9}},"line":49},"12":{"name":"(anonymous_12)","decl":{"start":{"line":59,"column":4},"end":{"line":59,"column":5}},"loc":{"start":{"line":59,"column":19},"end":{"line":71,"column":5}},"line":59},"13":{"name":"(anonymous_13)","decl":{"start":{"line":60,"column":47},"end":{"line":60,"column":48}},"loc":{"start":{"line":60,"column":60},"end":{"line":70,"column":9}},"line":60},"14":{"name":"(anonymous_14)","decl":{"start":{"line":72,"column":4},"end":{"line":72,"column":5}},"loc":{"start":{"line":72,"column":21},"end":{"line":76,"column":5}},"line":72},"15":{"name":"(anonymous_15)","decl":{"start":{"line":73,"column":47},"end":{"line":73,"column":48}},"loc":{"start":{"line":73,"column":60},"end":{"line":75,"column":9}},"line":73},"16":{"name":"(anonymous_16)","decl":{"start":{"line":77,"column":4},"end":{"line":77,"column":5}},"loc":{"start":{"line":77,"column":25},"end":{"line":89,"column":5}},"line":77},"17":{"name":"(anonymous_17)","decl":{"start":{"line":78,"column":47},"end":{"line":78,"column":48}},"loc":{"start":{"line":78,"column":60},"end":{"line":88,"column":9}},"line":78},"18":{"name":"(anonymous_18)","decl":{"start":{"line":90,"column":4},"end":{"line":90,"column":5}},"loc":{"start":{"line":90,"column":15},"end":{"line":105,"column":5}},"line":90},"19":{"name":"(anonymous_19)","decl":{"start":{"line":91,"column":47},"end":{"line":91,"column":48}},"loc":{"start":{"line":91,"column":60},"end":{"line":104,"column":9}},"line":91}},"branchMap":{"0":{"loc":{"start":{"line":2,"column":16},"end":{"line":10,"column":1}},"type":"binary-expr","locations":[{"start":{"line":2,"column":17},"end":{"line":2,"column":21}},{"start":{"line":2,"column":25},"end":{"line":2,"column":39}},{"start":{"line":2,"column":44},"end":{"line":10,"column":1}}],"line":2},"1":{"loc":{"start":{"line":3,"column":35},"end":{"line":3,"column":109}},"type":"cond-expr","locations":[{"start":{"line":3,"column":56},"end":{"line":3,"column":61}},{"start":{"line":3,"column":64},"end":{"line":3,"column":109}}],"line":3},"2":{"loc":{"start":{"line":4,"column":16},"end":{"line":4,"column":34}},"type":"binary-expr","locations":[{"start":{"line":4,"column":16},"end":{"line":4,"column":17}},{"start":{"line":4,"column":22},"end":{"line":4,"column":33}}],"line":4},"3":{"loc":{"start":{"line":7,"column":32},"end":{"line":7,"column":115}},"type":"cond-expr","locations":[{"start":{"line":7,"column":46},"end":{"line":7,"column":67}},{"start":{"line":7,"column":70},"end":{"line":7,"column":115}}],"line":7},"4":{"loc":{"start":{"line":8,"column":51},"end":{"line":8,"column":67}},"type":"binary-expr","locations":[{"start":{"line":8,"column":51},"end":{"line":8,"column":61}},{"start":{"line":8,"column":65},"end":{"line":8,"column":67}}],"line":8},"5":{"loc":{"start":{"line":23,"column":18},"end":{"line":23,"column":26}},"type":"default-arg","locations":[{"start":{"line":23,"column":25},"end":{"line":23,"column":26}}],"line":23},"6":{"loc":{"start":{"line":23,"column":28},"end":{"line":23,"column":38}},"type":"default-arg","locations":[{"start":{"line":23,"column":36},"end":{"line":23,"column":38}}],"line":23},"7":{"loc":{"start":{"line":23,"column":43},"end":{"line":23,"column":119}},"type":"binary-expr","locations":[{"start":{"line":23,"column":44},"end":{"line":23,"column":112}},{"start":{"line":23,"column":117},"end":{"line":23,"column":119}}],"line":23},"8":{"loc":{"start":{"line":23,"column":44},"end":{"line":23,"column":112}},"type":"cond-expr","locations":[{"start":{"line":23,"column":85},"end":{"line":23,"column":91}},{"start":{"line":23,"column":94},"end":{"line":23,"column":112}}],"line":23},"9":{"loc":{"start":{"line":23,"column":44},"end":{"line":23,"column":82}},"type":"binary-expr","locations":[{"start":{"line":23,"column":44},"end":{"line":23,"column":60}},{"start":{"line":23,"column":64},"end":{"line":23,"column":82}}],"line":23},"10":{"loc":{"start":{"line":25,"column":16},"end":{"line":25,"column":141}},"type":"cond-expr","locations":[{"start":{"line":25,"column":120},"end":{"line":25,"column":124}},{"start":{"line":25,"column":127},"end":{"line":25,"column":141}}],"line":25},"11":{"loc":{"start":{"line":25,"column":16},"end":{"line":25,"column":117}},"type":"binary-expr","locations":[{"start":{"line":25,"column":16},"end":{"line":25,"column":100}},{"start":{"line":25,"column":104},"end":{"line":25,"column":117}}],"line":25},"12":{"loc":{"start":{"line":25,"column":22},"end":{"line":25,"column":90}},"type":"cond-expr","locations":[{"start":{"line":25,"column":63},"end":{"line":25,"column":69}},{"start":{"line":25,"column":72},"end":{"line":25,"column":90}}],"line":25},"13":{"loc":{"start":{"line":25,"column":22},"end":{"line":25,"column":60}},"type":"binary-expr","locations":[{"start":{"line":25,"column":22},"end":{"line":25,"column":38}},{"start":{"line":25,"column":42},"end":{"line":25,"column":60}}],"line":25},"14":{"loc":{"start":{"line":26,"column":16},"end":{"line":26,"column":142}},"type":"cond-expr","locations":[{"start":{"line":26,"column":120},"end":{"line":26,"column":124}},{"start":{"line":26,"column":127},"end":{"line":26,"column":142}}],"line":26},"15":{"loc":{"start":{"line":26,"column":16},"end":{"line":26,"column":117}},"type":"binary-expr","locations":[{"start":{"line":26,"column":16},"end":{"line":26,"column":100}},{"start":{"line":26,"column":104},"end":{"line":26,"column":117}}],"line":26},"16":{"loc":{"start":{"line":26,"column":22},"end":{"line":26,"column":90}},"type":"cond-expr","locations":[{"start":{"line":26,"column":63},"end":{"line":26,"column":69}},{"start":{"line":26,"column":72},"end":{"line":26,"column":90}}],"line":26},"17":{"loc":{"start":{"line":26,"column":22},"end":{"line":26,"column":60}},"type":"binary-expr","locations":[{"start":{"line":26,"column":22},"end":{"line":26,"column":38}},{"start":{"line":26,"column":42},"end":{"line":26,"column":60}}],"line":26},"18":{"loc":{"start":{"line":28,"column":27},"end":{"line":28,"column":95}},"type":"cond-expr","locations":[{"start":{"line":28,"column":68},"end":{"line":28,"column":74}},{"start":{"line":28,"column":77},"end":{"line":28,"column":95}}],"line":28},"19":{"loc":{"start":{"line":28,"column":27},"end":{"line":28,"column":65}},"type":"binary-expr","locations":[{"start":{"line":28,"column":27},"end":{"line":28,"column":43}},{"start":{"line":28,"column":47},"end":{"line":28,"column":65}}],"line":28},"20":{"loc":{"start":{"line":31,"column":27},"end":{"line":31,"column":90}},"type":"cond-expr","locations":[{"start":{"line":31,"column":68},"end":{"line":31,"column":74}},{"start":{"line":31,"column":77},"end":{"line":31,"column":90}}],"line":31},"21":{"loc":{"start":{"line":31,"column":27},"end":{"line":31,"column":65}},"type":"binary-expr","locations":[{"start":{"line":31,"column":27},"end":{"line":31,"column":43}},{"start":{"line":31,"column":47},"end":{"line":31,"column":65}}],"line":31},"22":{"loc":{"start":{"line":32,"column":31},"end":{"line":32,"column":98}},"type":"cond-expr","locations":[{"start":{"line":32,"column":72},"end":{"line":32,"column":78}},{"start":{"line":32,"column":81},"end":{"line":32,"column":98}}],"line":32},"23":{"loc":{"start":{"line":32,"column":31},"end":{"line":32,"column":69}},"type":"binary-expr","locations":[{"start":{"line":32,"column":31},"end":{"line":32,"column":47}},{"start":{"line":32,"column":51},"end":{"line":32,"column":69}}],"line":32}},"s":{"0":1,"1":2,"2":0,"3":2,"4":1,"5":1,"6":0,"7":1,"8":1,"9":0,"10":4,"11":2,"12":1,"13":1,"14":1,"15":1,"16":1,"17":2,"18":2,"19":2,"20":2,"21":2,"22":2,"23":2,"24":2,"25":1,"26":1,"27":1,"28":0,"29":0,"30":0,"31":0,"32":0,"33":0,"34":0,"35":0,"36":0,"37":0,"38":0,"39":0,"40":0,"41":0,"42":0,"43":0,"44":0,"45":0,"46":0,"47":0,"48":0,"49":0,"50":0,"51":0,"52":0,"53":0,"54":1},"f":{"0":2,"1":2,"2":0,"3":2,"4":1,"5":1,"6":4,"7":2,"8":2,"9":2,"10":0,"11":0,"12":0,"13":0,"14":0,"15":0,"16":0,"17":0,"18":0,"19":0},"b":{"0":[1,1,1],"1":[2,0],"2":[2,2],"3":[2,2],"4":[2,2],"5":[1],"6":[1],"7":[2,1],"8":[1,1],"9":[2,2],"10":[1,1],"11":[2,2],"12":[1,1],"13":[2,2],"14":[1,1],"15":[2,2],"16":[1,1],"17":[2,2],"18":[1,1],"19":[2,2],"20":[1,1],"21":[2,2],"22":[1,1],"23":[2,2]},"inputSourceMap":null,"_coverageSchema":"1a1c01bbd47fc00a2c39e90264f33305004495a9","hash":"6edea928f7e1e9b8517242ea80ea0f09c7708c23"}
,"/Users/nabil.alhafez/QuranBackend/backend/dist/backend/src/utils/logger.js": {"path":"/Users/nabil.alhafez/QuranBackend/backend/dist/backend/src/utils/logger.js","statementMap":{"0":{"start":{"line":2,"column":0},"end":{"line":2,"column":62}},"1":{"start":{"line":3,"column":0},"end":{"line":3,"column":152}},"2":{"start":{"line":5,"column":30},"end":{"line":5,"column":72}},"3":{"start":{"line":7,"column":4},"end":{"line":12,"column":5}},"4":{"start":{"line":8,"column":8},"end":{"line":8,"column":63}},"5":{"start":{"line":11,"column":8},"end":{"line":11,"column":61}},"6":{"start":{"line":14,"column":0},"end":{"line":14,"column":18}},"7":{"start":{"line":16,"column":16},"end":{"line":16,"column":50}},"8":{"start":{"line":17,"column":4},"end":{"line":17,"column":22}},"9":{"start":{"line":18,"column":4},"end":{"line":18,"column":61}},"10":{"start":{"line":20,"column":0},"end":{"line":20,"column":28}},"11":{"start":{"line":22,"column":22},"end":{"line":22,"column":106}},"12":{"start":{"line":23,"column":25},"end":{"line":23,"column":106}},"13":{"start":{"line":24,"column":23},"end":{"line":24,"column":102}},"14":{"start":{"line":25,"column":23},"end":{"line":25,"column":103}},"15":{"start":{"line":26,"column":16},"end":{"line":26,"column":119}},"16":{"start":{"line":27,"column":4},"end":{"line":27,"column":21}},"17":{"start":{"line":28,"column":4},"end":{"line":28,"column":144}},"18":{"start":{"line":29,"column":4},"end":{"line":29,"column":96}},"19":{"start":{"line":30,"column":4},"end":{"line":30,"column":103}},"20":{"start":{"line":32,"column":4},"end":{"line":32,"column":93}},"21":{"start":{"line":34,"column":0},"end":{"line":34,"column":42}},"22":{"start":{"line":36,"column":16},"end":{"line":36,"column":145}},"23":{"start":{"line":37,"column":4},"end":{"line":37,"column":21}},"24":{"start":{"line":38,"column":4},"end":{"line":38,"column":60}},"25":{"start":{"line":40,"column":0},"end":{"line":40,"column":52}},"26":{"start":{"line":42,"column":16},"end":{"line":42,"column":35}},"27":{"start":{"line":43,"column":4},"end":{"line":43,"column":21}},"28":{"start":{"line":44,"column":4},"end":{"line":44,"column":60}},"29":{"start":{"line":46,"column":0},"end":{"line":46,"column":26}},"30":{"start":{"line":48,"column":16},"end":{"line":48,"column":49}},"31":{"start":{"line":49,"column":4},"end":{"line":49,"column":21}},"32":{"start":{"line":50,"column":4},"end":{"line":50,"column":60}},"33":{"start":{"line":52,"column":0},"end":{"line":52,"column":26}},"34":{"start":{"line":54,"column":16},"end":{"line":54,"column":50}},"35":{"start":{"line":55,"column":4},"end":{"line":55,"column":22}},"36":{"start":{"line":56,"column":4},"end":{"line":56,"column":61}},"37":{"start":{"line":60,"column":0},"end":{"line":60,"column":28}}},"fnMap":{"0":{"name":"log","decl":{"start":{"line":6,"column":9},"end":{"line":6,"column":12}},"loc":{"start":{"line":6,"column":39},"end":{"line":13,"column":1}},"line":6},"1":{"name":"logDebug","decl":{"start":{"line":15,"column":9},"end":{"line":15,"column":17}},"loc":{"start":{"line":15,"column":27},"end":{"line":19,"column":1}},"line":15},"2":{"name":"logStartRequest","decl":{"start":{"line":21,"column":9},"end":{"line":21,"column":24}},"loc":{"start":{"line":21,"column":70},"end":{"line":33,"column":1}},"line":21},"3":{"name":"logEndSuccessRequest","decl":{"start":{"line":35,"column":9},"end":{"line":35,"column":29}},"loc":{"start":{"line":35,"column":75},"end":{"line":39,"column":1}},"line":35},"4":{"name":"logInfo","decl":{"start":{"line":41,"column":9},"end":{"line":41,"column":16}},"loc":{"start":{"line":41,"column":26},"end":{"line":45,"column":1}},"line":41},"5":{"name":"logWarn","decl":{"start":{"line":47,"column":9},"end":{"line":47,"column":16}},"loc":{"start":{"line":47,"column":26},"end":{"line":51,"column":1}},"line":47},"6":{"name":"logError","decl":{"start":{"line":53,"column":9},"end":{"line":53,"column":17}},"loc":{"start":{"line":53,"column":27},"end":{"line":59,"column":1}},"line":53}},"branchMap":{"0":{"loc":{"start":{"line":6,"column":22},"end":{"line":6,"column":37}},"type":"default-arg","locations":[{"start":{"line":6,"column":30},"end":{"line":6,"column":37}}],"line":6},"1":{"loc":{"start":{"line":7,"column":4},"end":{"line":12,"column":5}},"type":"if","locations":[{"start":{"line":7,"column":4},"end":{"line":12,"column":5}},{"start":{"line":10,"column":9},"end":{"line":12,"column":5}}],"line":7},"2":{"loc":{"start":{"line":21,"column":30},"end":{"line":21,"column":49}},"type":"default-arg","locations":[{"start":{"line":21,"column":47},"end":{"line":21,"column":49}}],"line":21},"3":{"loc":{"start":{"line":21,"column":51},"end":{"line":21,"column":68}},"type":"default-arg","locations":[{"start":{"line":21,"column":66},"end":{"line":21,"column":68}}],"line":21},"4":{"loc":{"start":{"line":22,"column":43},"end":{"line":22,"column":99}},"type":"cond-expr","locations":[{"start":{"line":22,"column":76},"end":{"line":22,"column":82}},{"start":{"line":22,"column":85},"end":{"line":22,"column":99}}],"line":22},"5":{"loc":{"start":{"line":22,"column":43},"end":{"line":22,"column":73}},"type":"binary-expr","locations":[{"start":{"line":22,"column":43},"end":{"line":22,"column":55}},{"start":{"line":22,"column":59},"end":{"line":22,"column":73}}],"line":22},"6":{"loc":{"start":{"line":23,"column":46},"end":{"line":23,"column":99}},"type":"cond-expr","locations":[{"start":{"line":23,"column":79},"end":{"line":23,"column":85}},{"start":{"line":23,"column":88},"end":{"line":23,"column":99}}],"line":23},"7":{"loc":{"start":{"line":23,"column":46},"end":{"line":23,"column":76}},"type":"binary-expr","locations":[{"start":{"line":23,"column":46},"end":{"line":23,"column":58}},{"start":{"line":23,"column":62},"end":{"line":23,"column":76}}],"line":23},"8":{"loc":{"start":{"line":24,"column":44},"end":{"line":24,"column":95}},"type":"cond-expr","locations":[{"start":{"line":24,"column":77},"end":{"line":24,"column":83}},{"start":{"line":24,"column":86},"end":{"line":24,"column":95}}],"line":24},"9":{"loc":{"start":{"line":24,"column":44},"end":{"line":24,"column":74}},"type":"binary-expr","locations":[{"start":{"line":24,"column":44},"end":{"line":24,"column":56}},{"start":{"line":24,"column":60},"end":{"line":24,"column":74}}],"line":24},"10":{"loc":{"start":{"line":25,"column":44},"end":{"line":25,"column":96}},"type":"cond-expr","locations":[{"start":{"line":25,"column":77},"end":{"line":25,"column":83}},{"start":{"line":25,"column":86},"end":{"line":25,"column":96}}],"line":25},"11":{"loc":{"start":{"line":25,"column":44},"end":{"line":25,"column":74}},"type":"binary-expr","locations":[{"start":{"line":25,"column":44},"end":{"line":25,"column":56}},{"start":{"line":25,"column":60},"end":{"line":25,"column":74}}],"line":25},"12":{"loc":{"start":{"line":35,"column":35},"end":{"line":35,"column":54}},"type":"default-arg","locations":[{"start":{"line":35,"column":52},"end":{"line":35,"column":54}}],"line":35},"13":{"loc":{"start":{"line":35,"column":56},"end":{"line":35,"column":73}},"type":"default-arg","locations":[{"start":{"line":35,"column":71},"end":{"line":35,"column":73}}],"line":35},"14":{"loc":{"start":{"line":36,"column":37},"end":{"line":36,"column":88}},"type":"cond-expr","locations":[{"start":{"line":36,"column":70},"end":{"line":36,"column":76}},{"start":{"line":36,"column":79},"end":{"line":36,"column":88}}],"line":36},"15":{"loc":{"start":{"line":36,"column":37},"end":{"line":36,"column":67}},"type":"binary-expr","locations":[{"start":{"line":36,"column":37},"end":{"line":36,"column":49}},{"start":{"line":36,"column":53},"end":{"line":36,"column":67}}],"line":36}},"s":{"0":1,"1":1,"2":1,"3":0,"4":0,"5":0,"6":1,"7":0,"8":0,"9":0,"10":1,"11":0,"12":0,"13":0,"14":0,"15":0,"16":0,"17":0,"18":0,"19":0,"20":0,"21":1,"22":0,"23":0,"24":0,"25":1,"26":0,"27":0,"28":0,"29":1,"30":0,"31":0,"32":0,"33":1,"34":0,"35":0,"36":0,"37":1},"f":{"0":0,"1":0,"2":0,"3":0,"4":0,"5":0,"6":0},"b":{"0":[0],"1":[0,0],"2":[0],"3":[0],"4":[0,0],"5":[0,0],"6":[0,0],"7":[0,0],"8":[0,0],"9":[0,0],"10":[0,0],"11":[0,0],"12":[0],"13":[0],"14":[0,0],"15":[0,0]},"inputSourceMap":null,"_coverageSchema":"1a1c01bbd47fc00a2c39e90264f33305004495a9","hash":"fc057e585965fb5d7d69a7ab516430c3337f9977"}
,"/Users/nabil.alhafez/QuranBackend/backend/src/config/index.ts": {"path":"/Users/nabil.alhafez/QuranBackend/backend/src/config/index.ts","statementMap":{"0":{"start":{"line":1,"column":0},"end":{"line":1,"column":29}},"1":{"start":{"line":2,"column":0},"end":{"line":2,"column":33}},"2":{"start":{"line":4,"column":11},"end":{"line":4,"column":45}},"3":{"start":{"line":9,"column":22},"end":{"line":9,"column":32}},"4":{"start":{"line":11,"column":2},"end":{"line":21,"column":null}},"5":{"start":{"line":13,"column":6},"end":{"line":13,"column":26}},"6":{"start":{"line":14,"column":6},"end":{"line":14,"column":75}},"7":{"start":{"line":15,"column":6},"end":{"line":15,"column":12}},"8":{"start":{"line":18,"column":6},"end":{"line":18,"column":74}},"9":{"start":{"line":19,"column":6},"end":{"line":19,"column":25}},"10":{"start":{"line":20,"column":6},"end":{"line":20,"column":12}},"11":{"start":{"line":22,"column":2},"end":{"line":22,"column":64}},"12":{"start":{"line":23,"column":2},"end":{"line":23,"column":43}},"13":{"start":{"line":25,"column":0},"end":{"line":25,"column":7}},"14":{"start":{"line":26,"column":13},"end":{"line":26,"column":49}}},"fnMap":{"0":{"name":"init","decl":{"start":{"line":8,"column":9},"end":{"line":8,"column":13}},"loc":{"start":{"line":8,"column":13},"end":{"line":24,"column":1}}}},"branchMap":{"0":{"loc":{"start":{"line":11,"column":2},"end":{"line":21,"column":null}},"type":"switch","locations":[{"start":{"line":12,"column":4},"end":{"line":15,"column":12}},{"start":{"line":16,"column":4},"end":{"line":16,"column":15}},{"start":{"line":17,"column":4},"end":{"line":20,"column":12}}]}},"s":{"0":1,"1":1,"2":1,"3":1,"4":1,"5":0,"6":0,"7":0,"8":1,"9":1,"10":1,"11":1,"12":1,"13":1,"14":1},"f":{"0":1},"b":{"0":[0,0,1]}}
,"/Users/nabil.alhafez/QuranBackend/backend/src/constant/app.const.ts": {"path":"/Users/nabil.alhafez/QuranBackend/backend/src/constant/app.const.ts","statementMap":{"0":{"start":{"line":1,"column":0},"end":{"line":1,"column":13}},"1":{"start":{"line":2,"column":16},"end":{"line":2,"column":49}},"2":{"start":{"line":3,"column":16},"end":{"line":3,"column":40}},"3":{"start":{"line":4,"column":16},"end":{"line":4,"column":44}}},"fnMap":{},"branchMap":{},"s":{"0":1,"1":1,"2":1,"3":1},"f":{},"b":{}}
,"/Users/nabil.alhafez/QuranBackend/backend/src/db/data-source-dev.ts": {"path":"/Users/nabil.alhafez/QuranBackend/backend/src/db/data-source-dev.ts","statementMap":{"0":{"start":{"line":1,"column":0},"end":{"line":1,"column":55}},"1":{"start":{"line":2,"column":0},"end":{"line":2,"column":41}},"2":{"start":{"line":3,"column":0},"end":{"line":3,"column":63}},"3":{"start":{"line":5,"column":43},"end":{"line":21,"column":2}},"4":{"start":{"line":23,"column":0},"end":{"line":23,"column":49}}},"fnMap":{},"branchMap":{},"s":{"0":1,"1":1,"2":1,"3":1,"4":1},"f":{},"b":{}}
,"/Users/nabil.alhafez/QuranBackend/backend/src/db/data-source-prod.ts": {"path":"/Users/nabil.alhafez/QuranBackend/backend/src/db/data-source-prod.ts","statementMap":{"0":{"start":{"line":1,"column":0},"end":{"line":1,"column":55}},"1":{"start":{"line":2,"column":0},"end":{"line":2,"column":41}},"2":{"start":{"line":3,"column":0},"end":{"line":3,"column":63}},"3":{"start":{"line":6,"column":27},"end":{"line":6,"column":57}},"4":{"start":{"line":7,"column":27},"end":{"line":7,"column":57}},"5":{"start":{"line":8,"column":31},"end":{"line":8,"column":65}},"6":{"start":{"line":9,"column":22},"end":{"line":9,"column":47}},"7":{"start":{"line":12,"column":0},"end":{"line":12,"column":50}},"8":{"start":{"line":13,"column":0},"end":{"line":13,"column":50}},"9":{"start":{"line":14,"column":0},"end":{"line":14,"column":58}},"10":{"start":{"line":15,"column":0},"end":{"line":15,"column":43}},"11":{"start":{"line":17,"column":43},"end":{"line":41,"column":2}},"12":{"start":{"line":44,"column":0},"end":{"line":44,"column":49}}},"fnMap":{},"branchMap":{},"s":{"0":1,"1":1,"2":1,"3":1,"4":1,"5":1,"6":1,"7":1,"8":1,"9":1,"10":1,"11":1,"12":1},"f":{},"b":{}}
,"/Users/nabil.alhafez/QuranBackend/backend/src/db/data-source.ts": {"path":"/Users/nabil.alhafez/QuranBackend/backend/src/db/data-source.ts","statementMap":{"0":{"start":{"line":2,"column":0},"end":{"line":2,"column":48}},"1":{"start":{"line":3,"column":0},"end":{"line":3,"column":46}},"2":{"start":{"line":5,"column":0},"end":{"line":7,"column":18}}},"fnMap":{},"branchMap":{"0":{"loc":{"start":{"line":5,"column":15},"end":{"line":7,"column":17}},"type":"cond-expr","locations":[{"start":{"line":6,"column":4},"end":{"line":6,"column":18}},{"start":{"line":7,"column":4},"end":{"line":7,"column":17}}]},"1":{"loc":{"start":{"line":5,"column":15},"end":{"line":5,"column":88}},"type":"binary-expr","locations":[{"start":{"line":5,"column":15},"end":{"line":5,"column":52}},{"start":{"line":5,"column":57},"end":{"line":5,"column":88}}]}},"s":{"0":1,"1":1,"2":1},"f":{},"b":{"0":[0,1],"1":[1,1]}}
,"/Users/nabil.alhafez/QuranBackend/backend/src/db/entities/base.entity.ts": {"path":"/Users/nabil.alhafez/QuranBackend/backend/src/db/entities/base.entity.ts","statementMap":{"0":{"start":{"line":1,"column":0},"end":{"line":1,"column":97}},"1":{"start":{"line":8,"column":2},"end":{"line":9,"column":null}},"2":{"start":{"line":11,"column":2},"end":{"line":12,"column":null}},"3":{"start":{"line":14,"column":2},"end":{"line":15,"column":null}},"4":{"start":{"line":7,"column":0},"end":{"line":7,"column":22}}},"fnMap":{},"branchMap":{},"s":{"0":1,"1":1,"2":1,"3":1,"4":1},"f":{},"b":{}}
,"/Users/nabil.alhafez/QuranBackend/backend/src/firebase/firebase-datasource.ts": {"path":"/Users/nabil.alhafez/QuranBackend/backend/src/firebase/firebase-datasource.ts","statementMap":{"0":{"start":{"line":3,"column":0},"end":{"line":3,"column":48}},"1":{"start":{"line":4,"column":0},"end":{"line":4,"column":53}},"2":{"start":{"line":5,"column":0},"end":{"line":5,"column":49}},"3":{"start":{"line":8,"column":19},"end":{"line":8,"column":57}},"4":{"start":{"line":11,"column":4},"end":{"line":11,"column":67}},"5":{"start":{"line":16,"column":4},"end":{"line":16,"column":33}},"6":{"start":{"line":22,"column":4},"end":{"line":22,"column":32}},"7":{"start":{"line":26,"column":4},"end":{"line":26,"column":30}},"8":{"start":{"line":30,"column":4},"end":{"line":30,"column":28}},"9":{"start":{"line":34,"column":4},"end":{"line":34,"column":21}},"10":{"start":{"line":38,"column":4},"end":{"line":38,"column":28}},"11":{"start":{"line":43,"column":4},"end":{"line":43,"column":66}},"12":{"start":{"line":47,"column":20},"end":{"line":47,"column":44}},"13":{"start":{"line":48,"column":8},"end":{"line":48,"column":19}}},"fnMap":{"0":{"name":"(anonymous_0)","decl":{"start":{"line":10,"column":2},"end":{"line":10,"column":null}},"loc":{"start":{"line":10,"column":2},"end":{"line":12,"column":3}}},"1":{"name":"(anonymous_1)","decl":{"start":{"line":15,"column":9},"end":{"line":15,"column":16}},"loc":{"start":{"line":15,"column":16},"end":{"line":18,"column":3}}},"2":{"name":"(anonymous_2)","decl":{"start":{"line":21,"column":9},"end":{"line":21,"column":17}},"loc":{"start":{"line":21,"column":17},"end":{"line":23,"column":3}}},"3":{"name":"(anonymous_3)","decl":{"start":{"line":25,"column":9},"end":{"line":25,"column":13}},"loc":{"start":{"line":25,"column":13},"end":{"line":27,"column":3}}},"4":{"name":"(anonymous_4)","decl":{"start":{"line":29,"column":9},"end":{"line":29,"column":18}},"loc":{"start":{"line":29,"column":18},"end":{"line":31,"column":3}}},"5":{"name":"(anonymous_5)","decl":{"start":{"line":33,"column":9},"end":{"line":33,"column":18}},"loc":{"start":{"line":33,"column":18},"end":{"line":35,"column":3}}},"6":{"name":"(anonymous_6)","decl":{"start":{"line":37,"column":9},"end":{"line":37,"column":18}},"loc":{"start":{"line":37,"column":18},"end":{"line":39,"column":3}}},"7":{"name":"(anonymous_7)","decl":{"start":{"line":41,"column":9},"end":{"line":41,"column":23}},"loc":{"start":{"line":41,"column":32},"end":{"line":44,"column":3}}}},"branchMap":{},"s":{"0":1,"1":1,"2":1,"3":1,"4":1,"5":0,"6":0,"7":0,"8":0,"9":0,"10":0,"11":0,"12":1,"13":1},"f":{"0":1,"1":0,"2":0,"3":0,"4":0,"5":0,"6":0,"7":0},"b":{}}
,"/Users/nabil.alhafez/QuranBackend/backend/src/firebase/initialize.ts": {"path":"/Users/nabil.alhafez/QuranBackend/backend/src/firebase/initialize.ts","statementMap":{"0":{"start":{"line":1,"column":0},"end":{"line":1,"column":40}},"1":{"start":{"line":2,"column":0},"end":{"line":2,"column":29}},"2":{"start":{"line":3,"column":0},"end":{"line":3,"column":39}},"3":{"start":{"line":6,"column":13},"end":{"line":6,"column":75}},"4":{"start":{"line":7,"column":0},"end":{"line":7,"column":88}},"5":{"start":{"line":9,"column":22},"end":{"line":9,"column":104}},"6":{"start":{"line":10,"column":0},"end":{"line":10,"column":47}},"7":{"start":{"line":11,"column":19},"end":{"line":11,"column":55}},"8":{"start":{"line":13,"column":35},"end":{"line":17,"column":2}},"9":{"start":{"line":18,"column":9},"end":{"line":18,"column":20}}},"fnMap":{},"branchMap":{},"s":{"0":1,"1":1,"2":1,"3":1,"4":1,"5":1,"6":1,"7":1,"8":1,"9":1},"f":{},"b":{}}
,"/Users/nabil.alhafez/QuranBackend/backend/src/repository/repository.ts": {"path":"/Users/nabil.alhafez/QuranBackend/backend/src/repository/repository.ts","statementMap":{"0":{"start":{"line":2,"column":0},"end":{"line":2,"column":130}},"1":{"start":{"line":3,"column":0},"end":{"line":3,"column":43}},"2":{"start":{"line":5,"column":0},"end":{"line":5,"column":43}},"3":{"start":{"line":18,"column":4},"end":{"line":18,"column":59}},"4":{"start":{"line":24,"column":35},"end":{"line":24,"column":60}},"5":{"start":{"line":26,"column":4},"end":{"line":48,"column":null}},"6":{"start":{"line":27,"column":13},"end":{"line":27,"column":39}},"7":{"start":{"line":28,"column":13},"end":{"line":28,"column":40}},"8":{"start":{"line":30,"column":47},"end":{"line":36,"column":8}},"9":{"start":{"line":37,"column":33},"end":{"line":37,"column":85}},"10":{"start":{"line":39,"column":6},"end":{"line":43,"column":8}},"11":{"start":{"line":45,"column":6},"end":{"line":45,"column":25}},"12":{"start":{"line":47,"column":6},"end":{"line":47,"column":56}},"13":{"start":{"line":52,"column":4},"end":{"line":57,"column":null}},"14":{"start":{"line":53,"column":6},"end":{"line":53,"column":52}},"15":{"start":{"line":55,"column":6},"end":{"line":55,"column":22}},"16":{"start":{"line":56,"column":6},"end":{"line":56,"column":18}},"17":{"start":{"line":61,"column":4},"end":{"line":70,"column":null}},"18":{"start":{"line":64,"column":25},"end":{"line":64,"column":35}},"19":{"start":{"line":65,"column":42},"end":{"line":65,"column":63}},"20":{"start":{"line":66,"column":6},"end":{"line":66,"column":57}},"21":{"start":{"line":68,"column":6},"end":{"line":68,"column":22}},"22":{"start":{"line":69,"column":6},"end":{"line":69,"column":18}},"23":{"start":{"line":74,"column":4},"end":{"line":74,"column":54}},"24":{"start":{"line":78,"column":4},"end":{"line":85,"column":null}},"25":{"start":{"line":79,"column":19},"end":{"line":79,"column":76}},"26":{"start":{"line":80,"column":6},"end":{"line":80,"column":24}},"27":{"start":{"line":83,"column":6},"end":{"line":83,"column":22}},"28":{"start":{"line":84,"column":6},"end":{"line":84,"column":18}},"29":{"start":{"line":89,"column":4},"end":{"line":99,"column":null}},"30":{"start":{"line":90,"column":19},"end":{"line":90,"column":66}},"31":{"start":{"line":91,"column":6},"end":{"line":91,"column":22}},"32":{"start":{"line":97,"column":6},"end":{"line":97,"column":22}},"33":{"start":{"line":98,"column":6},"end":{"line":98,"column":18}},"34":{"start":{"line":14,"column":0},"end":{"line":14,"column":22}}},"fnMap":{"0":{"name":"(anonymous_7)","decl":{"start":{"line":17,"column":2},"end":{"line":17,"column":14}},"loc":{"start":{"line":17,"column":37},"end":{"line":19,"column":3}}},"1":{"name":"(anonymous_8)","decl":{"start":{"line":21,"column":15},"end":{"line":21,"column":21}},"loc":{"start":{"line":22,"column":30},"end":{"line":49,"column":null}}},"2":{"name":"(anonymous_10)","decl":{"start":{"line":51,"column":15},"end":{"line":51,"column":24}},"loc":{"start":{"line":51,"column":39},"end":{"line":58,"column":null}}},"3":{"name":"(anonymous_12)","decl":{"start":{"line":60,"column":15},"end":{"line":60,"column":25}},"loc":{"start":{"line":60,"column":36},"end":{"line":71,"column":null}}},"4":{"name":"(anonymous_14)","decl":{"start":{"line":73,"column":15},"end":{"line":73,"column":21}},"loc":{"start":{"line":73,"column":33},"end":{"line":75,"column":null}}},"5":{"name":"(anonymous_16)","decl":{"start":{"line":77,"column":15},"end":{"line":77,"column":21}},"loc":{"start":{"line":77,"column":54},"end":{"line":86,"column":null}}},"6":{"name":"(anonymous_18)","decl":{"start":{"line":88,"column":15},"end":{"line":88,"column":21}},"loc":{"start":{"line":88,"column":32},"end":{"line":100,"column":null}}}},"branchMap":{"0":{"loc":{"start":{"line":24,"column":10},"end":{"line":24,"column":18}},"type":"default-arg","locations":[{"start":{"line":24,"column":17},"end":{"line":24,"column":18}}]},"1":{"loc":{"start":{"line":24,"column":20},"end":{"line":24,"column":30}},"type":"default-arg","locations":[{"start":{"line":24,"column":28},"end":{"line":24,"column":30}}]},"2":{"loc":{"start":{"line":24,"column":35},"end":{"line":24,"column":60}},"type":"binary-expr","locations":[{"start":{"line":24,"column":35},"end":{"line":24,"column":54}},{"start":{"line":24,"column":58},"end":{"line":24,"column":60}}]},"3":{"loc":{"start":{"line":24,"column":35},"end":{"line":24,"column":54}},"type":"cond-expr","locations":[{"start":{"line":24,"column":42},"end":{"line":24,"column":44}},{"start":{"line":24,"column":35},"end":{"line":24,"column":54}}]},"4":{"loc":{"start":{"line":24,"column":35},"end":{"line":24,"column":44}},"type":"binary-expr","locations":[{"start":{"line":24,"column":35},"end":{"line":24,"column":44}},{"start":{"line":24,"column":35},"end":{"line":24,"column":44}}]},"5":{"loc":{"start":{"line":27,"column":13},"end":{"line":27,"column":38}},"type":"cond-expr","locations":[{"start":{"line":27,"column":32},"end":{"line":27,"column":34}},{"start":{"line":27,"column":32},"end":{"line":27,"column":38}}]},"6":{"loc":{"start":{"line":27,"column":13},"end":{"line":27,"column":34}},"type":"binary-expr","locations":[{"start":{"line":27,"column":13},"end":{"line":27,"column":34}},{"start":{"line":27,"column":32},"end":{"line":27,"column":34}}]},"7":{"loc":{"start":{"line":27,"column":13},"end":{"line":27,"column":32}},"type":"cond-expr","locations":[{"start":{"line":27,"column":20},"end":{"line":27,"column":22}},{"start":{"line":27,"column":13},"end":{"line":27,"column":32}}]},"8":{"loc":{"start":{"line":27,"column":13},"end":{"line":27,"column":22}},"type":"binary-expr","locations":[{"start":{"line":27,"column":13},"end":{"line":27,"column":22}},{"start":{"line":27,"column":13},"end":{"line":27,"column":22}}]},"9":{"loc":{"start":{"line":28,"column":13},"end":{"line":28,"column":39}},"type":"cond-expr","locations":[{"start":{"line":28,"column":32},"end":{"line":28,"column":34}},{"start":{"line":28,"column":32},"end":{"line":28,"column":39}}]},"10":{"loc":{"start":{"line":28,"column":13},"end":{"line":28,"column":34}},"type":"binary-expr","locations":[{"start":{"line":28,"column":13},"end":{"line":28,"column":34}},{"start":{"line":28,"column":32},"end":{"line":28,"column":34}}]},"11":{"loc":{"start":{"line":28,"column":13},"end":{"line":28,"column":32}},"type":"cond-expr","locations":[{"start":{"line":28,"column":20},"end":{"line":28,"column":22}},{"start":{"line":28,"column":13},"end":{"line":28,"column":32}}]},"12":{"loc":{"start":{"line":28,"column":13},"end":{"line":28,"column":22}},"type":"binary-expr","locations":[{"start":{"line":28,"column":13},"end":{"line":28,"column":22}},{"start":{"line":28,"column":13},"end":{"line":28,"column":22}}]},"13":{"loc":{"start":{"line":31,"column":15},"end":{"line":31,"column":34}},"type":"cond-expr","locations":[{"start":{"line":31,"column":22},"end":{"line":31,"column":24}},{"start":{"line":31,"column":15},"end":{"line":31,"column":34}}]},"14":{"loc":{"start":{"line":31,"column":15},"end":{"line":31,"column":24}},"type":"binary-expr","locations":[{"start":{"line":31,"column":15},"end":{"line":31,"column":24}},{"start":{"line":31,"column":15},"end":{"line":31,"column":24}}]},"15":{"loc":{"start":{"line":34,"column":15},"end":{"line":34,"column":29}},"type":"cond-expr","locations":[{"start":{"line":34,"column":22},"end":{"line":34,"column":24}},{"start":{"line":34,"column":15},"end":{"line":34,"column":29}}]},"16":{"loc":{"start":{"line":34,"column":15},"end":{"line":34,"column":24}},"type":"binary-expr","locations":[{"start":{"line":34,"column":15},"end":{"line":34,"column":24}},{"start":{"line":34,"column":15},"end":{"line":34,"column":24}}]},"17":{"loc":{"start":{"line":35,"column":19},"end":{"line":35,"column":37}},"type":"cond-expr","locations":[{"start":{"line":35,"column":26},"end":{"line":35,"column":28}},{"start":{"line":35,"column":19},"end":{"line":35,"column":37}}]},"18":{"loc":{"start":{"line":35,"column":19},"end":{"line":35,"column":28}},"type":"binary-expr","locations":[{"start":{"line":35,"column":19},"end":{"line":35,"column":28}},{"start":{"line":35,"column":19},"end":{"line":35,"column":28}}]}},"s":{"0":1,"1":1,"2":1,"3":2,"4":2,"5":2,"6":2,"7":2,"8":2,"9":2,"10":1,"11":1,"12":1,"13":0,"14":0,"15":0,"16":0,"17":0,"18":0,"19":0,"20":0,"21":0,"22":0,"23":0,"24":0,"25":0,"26":0,"27":0,"28":0,"29":0,"30":0,"31":0,"32":0,"33":0,"34":1},"f":{"0":2,"1":2,"2":0,"3":0,"4":0,"5":0,"6":0},"b":{"0":[1],"1":[1],"2":[2,1],"3":[1,1],"4":[2,2],"5":[1,1],"6":[2,2],"7":[1,1],"8":[2,2],"9":[1,1],"10":[2,2],"11":[1,1],"12":[2,2],"13":[1,1],"14":[2,2],"15":[1,1],"16":[2,2],"17":[1,1],"18":[2,2]}}
,"/Users/nabil.alhafez/QuranBackend/backend/src/utils/logger.ts": {"path":"/Users/nabil.alhafez/QuranBackend/backend/src/utils/logger.ts","statementMap":{"0":{"start":{"line":2,"column":0},"end":{"line":2,"column":62}},"1":{"start":{"line":152,"column":2},"end":{"line":156,"column":null}},"2":{"start":{"line":153,"column":4},"end":{"line":153,"column":59}},"3":{"start":{"line":155,"column":4},"end":{"line":155,"column":57}},"4":{"start":{"line":150,"column":0},"end":{"line":150,"column":16}},"5":{"start":{"line":160,"column":14},"end":{"line":160,"column":48}},"6":{"start":{"line":161,"column":2},"end":{"line":161,"column":20}},"7":{"start":{"line":162,"column":2},"end":{"line":162,"column":37}},"8":{"start":{"line":159,"column":0},"end":{"line":159,"column":16}},"9":{"start":{"line":167,"column":20},"end":{"line":167,"column":63}},"10":{"start":{"line":168,"column":23},"end":{"line":168,"column":63}},"11":{"start":{"line":169,"column":21},"end":{"line":169,"column":59}},"12":{"start":{"line":170,"column":21},"end":{"line":170,"column":60}},"13":{"start":{"line":171,"column":14},"end":{"line":171,"column":117}},"14":{"start":{"line":172,"column":2},"end":{"line":172,"column":19}},"15":{"start":{"line":174,"column":2},"end":{"line":174,"column":120}},"16":{"start":{"line":175,"column":2},"end":{"line":175,"column":72}},"17":{"start":{"line":176,"column":2},"end":{"line":176,"column":79}},"18":{"start":{"line":178,"column":2},"end":{"line":178,"column":69}},"19":{"start":{"line":166,"column":0},"end":{"line":166,"column":16}},"20":{"start":{"line":182,"column":14},"end":{"line":182,"column":102}},"21":{"start":{"line":183,"column":2},"end":{"line":183,"column":19}},"22":{"start":{"line":184,"column":2},"end":{"line":184,"column":36}},"23":{"start":{"line":181,"column":0},"end":{"line":181,"column":16}},"24":{"start":{"line":188,"column":14},"end":{"line":188,"column":33}},"25":{"start":{"line":190,"column":2},"end":{"line":190,"column":19}},"26":{"start":{"line":191,"column":2},"end":{"line":191,"column":36}},"27":{"start":{"line":187,"column":0},"end":{"line":187,"column":16}},"28":{"start":{"line":195,"column":14},"end":{"line":195,"column":47}},"29":{"start":{"line":197,"column":2},"end":{"line":197,"column":19}},"30":{"start":{"line":198,"column":2},"end":{"line":198,"column":36}},"31":{"start":{"line":194,"column":0},"end":{"line":194,"column":16}},"32":{"start":{"line":202,"column":14},"end":{"line":202,"column":48}},"33":{"start":{"line":204,"column":2},"end":{"line":204,"column":20}},"34":{"start":{"line":205,"column":2},"end":{"line":205,"column":37}},"35":{"start":{"line":201,"column":0},"end":{"line":201,"column":16}}},"fnMap":{"0":{"name":"log","decl":{"start":{"line":150,"column":16},"end":{"line":150,"column":19}},"loc":{"start":{"line":150,"column":56},"end":{"line":157,"column":1}}},"1":{"name":"logDebug","decl":{"start":{"line":159,"column":16},"end":{"line":159,"column":24}},"loc":{"start":{"line":159,"column":37},"end":{"line":164,"column":1}}},"2":{"name":"logStartRequest","decl":{"start":{"line":166,"column":16},"end":{"line":166,"column":31}},"loc":{"start":{"line":166,"column":82},"end":{"line":179,"column":1}}},"3":{"name":"logEndSuccessRequest","decl":{"start":{"line":181,"column":16},"end":{"line":181,"column":36}},"loc":{"start":{"line":181,"column":85},"end":{"line":186,"column":1}}},"4":{"name":"logInfo","decl":{"start":{"line":187,"column":16},"end":{"line":187,"column":23}},"loc":{"start":{"line":187,"column":36},"end":{"line":192,"column":1}}},"5":{"name":"logWarn","decl":{"start":{"line":194,"column":16},"end":{"line":194,"column":23}},"loc":{"start":{"line":194,"column":36},"end":{"line":199,"column":1}}},"6":{"name":"logError","decl":{"start":{"line":201,"column":16},"end":{"line":201,"column":24}},"loc":{"start":{"line":201,"column":37},"end":{"line":209,"column":1}}}},"branchMap":{"0":{"loc":{"start":{"line":150,"column":34},"end":{"line":150,"column":56}},"type":"default-arg","locations":[{"start":{"line":150,"column":49},"end":{"line":150,"column":56}}]},"1":{"loc":{"start":{"line":152,"column":2},"end":{"line":156,"column":null}},"type":"if","locations":[{"start":{"line":152,"column":2},"end":{"line":156,"column":null}},{"start":{"line":154,"column":9},"end":{"line":156,"column":null}}]},"2":{"loc":{"start":{"line":166,"column":42},"end":{"line":166,"column":62}},"type":"default-arg","locations":[{"start":{"line":166,"column":60},"end":{"line":166,"column":62}}]},"3":{"loc":{"start":{"line":166,"column":64},"end":{"line":166,"column":82}},"type":"default-arg","locations":[{"start":{"line":166,"column":80},"end":{"line":166,"column":82}}]},"4":{"loc":{"start":{"line":167,"column":41},"end":{"line":167,"column":56}},"type":"cond-expr","locations":[{"start":{"line":167,"column":44},"end":{"line":167,"column":46}},{"start":{"line":167,"column":41},"end":{"line":167,"column":56}}]},"5":{"loc":{"start":{"line":167,"column":41},"end":{"line":167,"column":46}},"type":"binary-expr","locations":[{"start":{"line":167,"column":41},"end":{"line":167,"column":46}},{"start":{"line":167,"column":41},"end":{"line":167,"column":46}}]},"6":{"loc":{"start":{"line":168,"column":44},"end":{"line":168,"column":56}},"type":"cond-expr","locations":[{"start":{"line":168,"column":47},"end":{"line":168,"column":49}},{"start":{"line":168,"column":44},"end":{"line":168,"column":56}}]},"7":{"loc":{"start":{"line":168,"column":44},"end":{"line":168,"column":49}},"type":"binary-expr","locations":[{"start":{"line":168,"column":44},"end":{"line":168,"column":49}},{"start":{"line":168,"column":44},"end":{"line":168,"column":49}}]},"8":{"loc":{"start":{"line":169,"column":42},"end":{"line":169,"column":52}},"type":"cond-expr","locations":[{"start":{"line":169,"column":45},"end":{"line":169,"column":47}},{"start":{"line":169,"column":42},"end":{"line":169,"column":52}}]},"9":{"loc":{"start":{"line":169,"column":42},"end":{"line":169,"column":47}},"type":"binary-expr","locations":[{"start":{"line":169,"column":42},"end":{"line":169,"column":47}},{"start":{"line":169,"column":42},"end":{"line":169,"column":47}}]},"10":{"loc":{"start":{"line":170,"column":42},"end":{"line":170,"column":53}},"type":"cond-expr","locations":[{"start":{"line":170,"column":45},"end":{"line":170,"column":47}},{"start":{"line":170,"column":42},"end":{"line":170,"column":53}}]},"11":{"loc":{"start":{"line":170,"column":42},"end":{"line":170,"column":47}},"type":"binary-expr","locations":[{"start":{"line":170,"column":42},"end":{"line":170,"column":47}},{"start":{"line":170,"column":42},"end":{"line":170,"column":47}}]},"12":{"loc":{"start":{"line":181,"column":47},"end":{"line":181,"column":66}},"type":"default-arg","locations":[{"start":{"line":181,"column":64},"end":{"line":181,"column":66}}]},"13":{"loc":{"start":{"line":181,"column":68},"end":{"line":181,"column":85}},"type":"default-arg","locations":[{"start":{"line":181,"column":83},"end":{"line":181,"column":85}}]},"14":{"loc":{"start":{"line":182,"column":35},"end":{"line":182,"column":45}},"type":"cond-expr","locations":[{"start":{"line":182,"column":38},"end":{"line":182,"column":40}},{"start":{"line":182,"column":35},"end":{"line":182,"column":45}}]},"15":{"loc":{"start":{"line":182,"column":35},"end":{"line":182,"column":40}},"type":"binary-expr","locations":[{"start":{"line":182,"column":35},"end":{"line":182,"column":40}},{"start":{"line":182,"column":35},"end":{"line":182,"column":40}}]}},"s":{"0":1,"1":0,"2":0,"3":0,"4":1,"5":0,"6":0,"7":0,"8":1,"9":0,"10":0,"11":0,"12":0,"13":0,"14":0,"15":0,"16":0,"17":0,"18":0,"19":1,"20":0,"21":0,"22":0,"23":1,"24":0,"25":0,"26":0,"27":1,"28":0,"29":0,"30":0,"31":1,"32":0,"33":0,"34":0,"35":1},"f":{"0":0,"1":0,"2":0,"3":0,"4":0,"5":0,"6":0},"b":{"0":[0],"1":[0,0],"2":[0],"3":[0],"4":[0,0],"5":[0,0],"6":[0,0],"7":[0,0],"8":[0,0],"9":[0,0],"10":[0,0],"11":[0,0],"12":[0],"13":[0],"14":[0,0],"15":[0,0]}}
}
