{"/Users/nabil.alhafez/Node-Js/QuranBackend/backend/src/models/base-models.ts": {"path":"/Users/nabil.alhafez/Node-Js/QuranBackend/backend/src/models/base-models.ts","statementMap":{"0":{"start":{"line":2,"column":0},"end":{"line":2,"column":44}},"1":{"start":{"line":10,"column":13},"end":{"line":16,"column":3}},"2":{"start":{"line":18,"column":0},"end":{"line":20,"column":3}},"3":{"start":{"line":19,"column":2},"end":{"line":19,"column":32}}},"fnMap":{"0":{"name":"(anonymous_0)","decl":{"start":{"line":18,"column":34},"end":{"line":18,"column":null}},"loc":{"start":{"line":18,"column":34},"end":{"line":20,"column":1}}}},"branchMap":{},"s":{"0":2,"1":2,"2":2,"3":4},"f":{"0":4},"b":{}}
,"/Users/nabil.alhafez/Node-Js/QuranBackend/backend/src/models/file-model.ts": {"path":"/Users/nabil.alhafez/Node-Js/QuranBackend/backend/src/models/file-model.ts","statementMap":{"0":{"start":{"line":1,"column":0},"end":{"line":1,"column":44}},"1":{"start":{"line":2,"column":0},"end":{"line":2,"column":60}},"2":{"start":{"line":25,"column":13},"end":{"line":31,"column":3}},"3":{"start":{"line":37,"column":13},"end":{"line":37,"column":77}}},"fnMap":{},"branchMap":{},"s":{"0":1,"1":1,"2":1,"3":1},"f":{},"b":{}}
}
