TN:
SF:dist/backend/src/config/index.js
FN:9,init
FNF:1
FNH:1
FNDA:1,init
DA:2,1
DA:3,1
DA:4,1
DA:5,1
DA:6,1
DA:10,1
DA:12,1
DA:14,0
DA:15,0
DA:16,0
DA:19,1
DA:20,1
DA:21,1
DA:23,1
DA:24,1
DA:26,1
DA:27,1
LF:17
LH:14
BRDA:12,0,0,0
BRDA:12,0,1,0
BRDA:12,0,2,1
BRF:3
BRH:1
end_of_record
TN:
SF:dist/backend/src/constant/app.const.js
FNF:0
FNH:0
DA:2,1
DA:3,1
DA:6,1
DA:7,1
DA:8,1
DA:9,1
LF:6
LH:6
BRF:0
BRH:0
end_of_record
TN:
SF:dist/backend/src/db/data-source-dev.js
FNF:0
FNH:0
DA:2,1
DA:3,1
DA:4,1
DA:5,1
DA:6,1
DA:23,1
LF:6
LH:6
BRF:0
BRH:0
end_of_record
TN:
SF:dist/backend/src/db/data-source-prod.js
FNF:0
FNH:0
DA:2,1
DA:3,1
DA:4,1
DA:5,1
DA:6,1
DA:7,1
DA:8,1
DA:9,1
DA:10,1
DA:11,1
DA:12,1
DA:13,1
DA:14,1
DA:38,1
LF:14
LH:14
BRF:0
BRH:0
end_of_record
TN:
SF:dist/backend/src/db/data-source.js
FNF:0
FNH:0
DA:2,1
DA:3,1
DA:4,1
DA:6,1
LF:4
LH:4
BRDA:6,0,0,0
BRDA:6,0,1,1
BRDA:6,1,0,1
BRDA:6,1,1,1
BRF:4
BRH:3
end_of_record
TN:
SF:dist/backend/src/db/entities/base.entity.js
FN:2,(anonymous_0)
FN:8,(anonymous_1)
FNF:2
FNH:2
FNDA:3,(anonymous_0)
FNDA:3,(anonymous_1)
DA:2,1
DA:3,3
DA:4,3
DA:5,0
DA:6,3
DA:8,1
DA:9,3
DA:11,1
DA:12,1
DA:13,1
DA:20,1
DA:24,1
DA:28,1
DA:32,1
LF:14
LH:13
BRDA:2,0,0,1
BRDA:2,0,1,1
BRDA:2,0,2,1
BRDA:3,1,0,0
BRDA:3,1,1,3
BRDA:3,2,0,0
BRDA:3,2,1,3
BRDA:4,3,0,3
BRDA:4,3,1,0
BRDA:4,4,0,3
BRDA:4,4,1,3
BRDA:5,5,0,0
BRDA:5,5,1,0
BRDA:5,6,0,0
BRDA:5,6,1,0
BRDA:5,7,0,0
BRDA:5,7,1,0
BRDA:5,8,0,0
BRDA:5,8,1,0
BRDA:6,9,0,3
BRDA:6,9,1,3
BRDA:6,9,2,0
BRDA:8,10,0,1
BRDA:8,10,1,1
BRDA:8,10,2,1
BRDA:9,11,0,3
BRDA:9,11,1,0
BRDA:9,12,0,3
BRDA:9,12,1,3
BRF:29
BRH:16
end_of_record
TN:
SF:dist/backend/src/firebase/firebase-datasource.js
FN:8,(anonymous_0)
FN:12,(anonymous_1)
FN:15,(anonymous_2)
FN:18,(anonymous_3)
FN:21,(anonymous_4)
FN:24,(anonymous_5)
FN:27,(anonymous_6)
FN:30,(anonymous_7)
FNF:8
FNH:1
FNDA:1,(anonymous_0)
FNDA:0,(anonymous_1)
FNDA:0,(anonymous_2)
FNDA:0,(anonymous_3)
FNDA:0,(anonymous_4)
FNDA:0,(anonymous_5)
FNDA:0,(anonymous_6)
FNDA:0,(anonymous_7)
DA:2,1
DA:3,1
DA:4,1
DA:5,1
DA:6,1
DA:9,1
DA:10,1
DA:13,0
DA:16,0
DA:19,0
DA:22,0
DA:25,0
DA:28,0
DA:32,0
DA:35,1
DA:36,1
LF:16
LH:9
BRF:0
BRH:0
end_of_record
TN:
SF:dist/backend/src/firebase/initialize.js
FNF:0
FNH:0
DA:2,1
DA:3,1
DA:4,1
DA:5,1
DA:6,1
DA:7,1
DA:8,1
DA:9,1
DA:10,1
DA:11,1
DA:12,1
DA:17,1
LF:12
LH:12
BRF:0
BRH:0
end_of_record
TN:
SF:dist/backend/src/repository/repository.js
FN:2,(anonymous_0)
FN:3,adopt
FN:3,(anonymous_2)
FN:4,(anonymous_3)
FN:5,fulfilled
FN:6,rejected
FN:7,step
FN:17,(anonymous_7)
FN:20,(anonymous_8)
FN:22,(anonymous_9)
FN:48,(anonymous_10)
FN:49,(anonymous_11)
FN:59,(anonymous_12)
FN:60,(anonymous_13)
FN:72,(anonymous_14)
FN:73,(anonymous_15)
FN:77,(anonymous_16)
FN:78,(anonymous_17)
FN:90,(anonymous_18)
FN:91,(anonymous_19)
FNF:20
FNH:9
FNDA:2,(anonymous_0)
FNDA:2,adopt
FNDA:0,(anonymous_2)
FNDA:2,(anonymous_3)
FNDA:1,fulfilled
FNDA:1,rejected
FNDA:4,step
FNDA:2,(anonymous_7)
FNDA:2,(anonymous_8)
FNDA:2,(anonymous_9)
FNDA:0,(anonymous_10)
FNDA:0,(anonymous_11)
FNDA:0,(anonymous_12)
FNDA:0,(anonymous_13)
FNDA:0,(anonymous_14)
FNDA:0,(anonymous_15)
FNDA:0,(anonymous_16)
FNDA:0,(anonymous_17)
FNDA:0,(anonymous_18)
FNDA:0,(anonymous_19)
DA:2,1
DA:3,2
DA:4,2
DA:5,1
DA:6,1
DA:7,4
DA:8,2
DA:11,1
DA:12,1
DA:13,1
DA:14,1
DA:15,1
DA:18,2
DA:22,2
DA:23,2
DA:24,2
DA:25,2
DA:26,2
DA:27,2
DA:34,2
DA:35,1
DA:42,1
DA:44,1
DA:49,0
DA:50,0
DA:51,0
DA:54,0
DA:55,0
DA:60,0
DA:61,0
DA:62,0
DA:63,0
DA:64,0
DA:67,0
DA:68,0
DA:73,0
DA:74,0
DA:78,0
DA:79,0
DA:80,0
DA:81,0
DA:85,0
DA:86,0
DA:91,0
DA:92,0
DA:93,0
DA:94,0
DA:101,0
DA:102,0
DA:107,1
LF:50
LH:24
BRDA:2,0,0,1
BRDA:2,0,1,1
BRDA:2,0,2,1
BRDA:3,1,0,2
BRDA:3,1,1,0
BRDA:4,2,0,2
BRDA:4,2,1,2
BRDA:7,3,0,2
BRDA:7,3,1,2
BRDA:8,4,0,2
BRDA:8,4,1,2
BRDA:23,5,0,1
BRDA:23,6,0,1
BRDA:23,7,0,2
BRDA:23,7,1,1
BRDA:23,8,0,1
BRDA:23,8,1,1
BRDA:23,9,0,2
BRDA:23,9,1,2
BRDA:25,10,0,1
BRDA:25,10,1,1
BRDA:25,11,0,2
BRDA:25,11,1,2
BRDA:25,12,0,1
BRDA:25,12,1,1
BRDA:25,13,0,2
BRDA:25,13,1,2
BRDA:26,14,0,1
BRDA:26,14,1,1
BRDA:26,15,0,2
BRDA:26,15,1,2
BRDA:26,16,0,1
BRDA:26,16,1,1
BRDA:26,17,0,2
BRDA:26,17,1,2
BRDA:28,18,0,1
BRDA:28,18,1,1
BRDA:28,19,0,2
BRDA:28,19,1,2
BRDA:31,20,0,1
BRDA:31,20,1,1
BRDA:31,21,0,2
BRDA:31,21,1,2
BRDA:32,22,0,1
BRDA:32,22,1,1
BRDA:32,23,0,2
BRDA:32,23,1,2
BRF:47
BRH:46
end_of_record
TN:
SF:dist/backend/src/utils/logger.js
FN:6,log
FN:15,logDebug
FN:21,logStartRequest
FN:35,logEndSuccessRequest
FN:41,logInfo
FN:47,logWarn
FN:53,logError
FNF:7
FNH:0
FNDA:0,log
FNDA:0,logDebug
FNDA:0,logStartRequest
FNDA:0,logEndSuccessRequest
FNDA:0,logInfo
FNDA:0,logWarn
FNDA:0,logError
DA:2,1
DA:3,1
DA:5,1
DA:7,0
DA:8,0
DA:11,0
DA:14,1
DA:16,0
DA:17,0
DA:18,0
DA:20,1
DA:22,0
DA:23,0
DA:24,0
DA:25,0
DA:26,0
DA:27,0
DA:28,0
DA:29,0
DA:30,0
DA:32,0
DA:34,1
DA:36,0
DA:37,0
DA:38,0
DA:40,1
DA:42,0
DA:43,0
DA:44,0
DA:46,1
DA:48,0
DA:49,0
DA:50,0
DA:52,1
DA:54,0
DA:55,0
DA:56,0
DA:60,1
LF:38
LH:10
BRDA:6,0,0,0
BRDA:7,1,0,0
BRDA:7,1,1,0
BRDA:21,2,0,0
BRDA:21,3,0,0
BRDA:22,4,0,0
BRDA:22,4,1,0
BRDA:22,5,0,0
BRDA:22,5,1,0
BRDA:23,6,0,0
BRDA:23,6,1,0
BRDA:23,7,0,0
BRDA:23,7,1,0
BRDA:24,8,0,0
BRDA:24,8,1,0
BRDA:24,9,0,0
BRDA:24,9,1,0
BRDA:25,10,0,0
BRDA:25,10,1,0
BRDA:25,11,0,0
BRDA:25,11,1,0
BRDA:35,12,0,0
BRDA:35,13,0,0
BRDA:36,14,0,0
BRDA:36,14,1,0
BRDA:36,15,0,0
BRDA:36,15,1,0
BRF:27
BRH:0
end_of_record
TN:
SF:src/config/index.ts
FN:8,init
FNF:1
FNH:1
FNDA:1,init
DA:1,1
DA:2,1
DA:4,1
DA:9,1
DA:11,1
DA:13,0
DA:14,0
DA:15,0
DA:18,1
DA:19,1
DA:20,1
DA:22,1
DA:23,1
DA:25,1
DA:26,1
LF:15
LH:12
BRDA:11,0,0,0
BRDA:11,0,1,0
BRDA:11,0,2,1
BRF:3
BRH:1
end_of_record
TN:
SF:src/constant/app.const.ts
FNF:0
FNH:0
DA:1,1
DA:2,1
DA:3,1
DA:4,1
LF:4
LH:4
BRF:0
BRH:0
end_of_record
TN:
SF:src/db/data-source-dev.ts
FNF:0
FNH:0
DA:1,1
DA:2,1
DA:3,1
DA:5,1
DA:23,1
LF:5
LH:5
BRF:0
BRH:0
end_of_record
TN:
SF:src/db/data-source-prod.ts
FNF:0
FNH:0
DA:1,1
DA:2,1
DA:3,1
DA:6,1
DA:7,1
DA:8,1
DA:9,1
DA:12,1
DA:13,1
DA:14,1
DA:15,1
DA:17,1
DA:44,1
LF:13
LH:13
BRF:0
BRH:0
end_of_record
TN:
SF:src/db/data-source.ts
FNF:0
FNH:0
DA:2,1
DA:3,1
DA:5,1
LF:3
LH:3
BRDA:5,0,0,0
BRDA:5,0,1,1
BRDA:5,1,0,1
BRDA:5,1,1,1
BRF:4
BRH:3
end_of_record
TN:
SF:src/db/entities/base.entity.ts
FNF:0
FNH:0
DA:1,1
DA:7,1
DA:8,1
DA:11,1
DA:14,1
LF:5
LH:5
BRF:0
BRH:0
end_of_record
TN:
SF:src/firebase/firebase-datasource.ts
FN:10,(anonymous_0)
FN:15,(anonymous_1)
FN:21,(anonymous_2)
FN:25,(anonymous_3)
FN:29,(anonymous_4)
FN:33,(anonymous_5)
FN:37,(anonymous_6)
FN:41,(anonymous_7)
FNF:8
FNH:1
FNDA:1,(anonymous_0)
FNDA:0,(anonymous_1)
FNDA:0,(anonymous_2)
FNDA:0,(anonymous_3)
FNDA:0,(anonymous_4)
FNDA:0,(anonymous_5)
FNDA:0,(anonymous_6)
FNDA:0,(anonymous_7)
DA:3,1
DA:4,1
DA:5,1
DA:8,1
DA:11,1
DA:16,0
DA:22,0
DA:26,0
DA:30,0
DA:34,0
DA:38,0
DA:43,0
DA:47,1
DA:48,1
LF:14
LH:7
BRF:0
BRH:0
end_of_record
TN:
SF:src/firebase/initialize.ts
FNF:0
FNH:0
DA:1,1
DA:2,1
DA:3,1
DA:6,1
DA:7,1
DA:9,1
DA:10,1
DA:11,1
DA:13,1
DA:18,1
LF:10
LH:10
BRF:0
BRH:0
end_of_record
TN:
SF:src/repository/repository.ts
FN:17,(anonymous_7)
FN:21,(anonymous_8)
FN:51,(anonymous_10)
FN:60,(anonymous_12)
FN:73,(anonymous_14)
FN:77,(anonymous_16)
FN:88,(anonymous_18)
FNF:7
FNH:2
FNDA:2,(anonymous_7)
FNDA:2,(anonymous_8)
FNDA:0,(anonymous_10)
FNDA:0,(anonymous_12)
FNDA:0,(anonymous_14)
FNDA:0,(anonymous_16)
FNDA:0,(anonymous_18)
DA:2,1
DA:3,1
DA:5,1
DA:14,1
DA:18,2
DA:24,2
DA:26,2
DA:27,2
DA:28,2
DA:30,2
DA:37,2
DA:39,1
DA:45,1
DA:47,1
DA:52,0
DA:53,0
DA:55,0
DA:56,0
DA:61,0
DA:64,0
DA:65,0
DA:66,0
DA:68,0
DA:69,0
DA:74,0
DA:78,0
DA:79,0
DA:80,0
DA:83,0
DA:84,0
DA:89,0
DA:90,0
DA:91,0
DA:97,0
DA:98,0
LF:35
LH:14
BRDA:24,0,0,1
BRDA:24,1,0,1
BRDA:24,2,0,2
BRDA:24,2,1,1
BRDA:24,3,0,1
BRDA:24,3,1,1
BRDA:24,4,0,2
BRDA:24,4,1,2
BRDA:27,5,0,1
BRDA:27,5,1,1
BRDA:27,6,0,2
BRDA:27,6,1,2
BRDA:27,7,0,1
BRDA:27,7,1,1
BRDA:27,8,0,2
BRDA:27,8,1,2
BRDA:28,9,0,1
BRDA:28,9,1,1
BRDA:28,10,0,2
BRDA:28,10,1,2
BRDA:28,11,0,1
BRDA:28,11,1,1
BRDA:28,12,0,2
BRDA:28,12,1,2
BRDA:31,13,0,1
BRDA:31,13,1,1
BRDA:31,14,0,2
BRDA:31,14,1,2
BRDA:34,15,0,1
BRDA:34,15,1,1
BRDA:34,16,0,2
BRDA:34,16,1,2
BRDA:35,17,0,1
BRDA:35,17,1,1
BRDA:35,18,0,2
BRDA:35,18,1,2
BRF:36
BRH:36
end_of_record
TN:
SF:src/utils/logger.ts
FN:150,log
FN:159,logDebug
FN:166,logStartRequest
FN:181,logEndSuccessRequest
FN:187,logInfo
FN:194,logWarn
FN:201,logError
FNF:7
FNH:0
FNDA:0,log
FNDA:0,logDebug
FNDA:0,logStartRequest
FNDA:0,logEndSuccessRequest
FNDA:0,logInfo
FNDA:0,logWarn
FNDA:0,logError
DA:2,1
DA:150,1
DA:152,0
DA:153,0
DA:155,0
DA:159,1
DA:160,0
DA:161,0
DA:162,0
DA:166,1
DA:167,0
DA:168,0
DA:169,0
DA:170,0
DA:171,0
DA:172,0
DA:174,0
DA:175,0
DA:176,0
DA:178,0
DA:181,1
DA:182,0
DA:183,0
DA:184,0
DA:187,1
DA:188,0
DA:190,0
DA:191,0
DA:194,1
DA:195,0
DA:197,0
DA:198,0
DA:201,1
DA:202,0
DA:204,0
DA:205,0
LF:36
LH:8
BRDA:150,0,0,0
BRDA:152,1,0,0
BRDA:152,1,1,0
BRDA:166,2,0,0
BRDA:166,3,0,0
BRDA:167,4,0,0
BRDA:167,4,1,0
BRDA:167,5,0,0
BRDA:167,5,1,0
BRDA:168,6,0,0
BRDA:168,6,1,0
BRDA:168,7,0,0
BRDA:168,7,1,0
BRDA:169,8,0,0
BRDA:169,8,1,0
BRDA:169,9,0,0
BRDA:169,9,1,0
BRDA:170,10,0,0
BRDA:170,10,1,0
BRDA:170,11,0,0
BRDA:170,11,1,0
BRDA:181,12,0,0
BRDA:181,13,0,0
BRDA:182,14,0,0
BRDA:182,14,1,0
BRDA:182,15,0,0
BRDA:182,15,1,0
BRF:27
BRH:0
end_of_record
